<?xml version="1.0" encoding="UTF-8"?>
<!-- Generated by org.testng.reporters.JUnitXMLReporter -->
<testsuite ignored="0" hostname="DESKTOP-NDR2GDP" failures="1" tests="12" name="Regression By Tester" time="83.537" errors="0" timestamp="2022-12-27T18:46:09 CET">
  <testcase classname="tests.LoginPageTest" name="loginWithProperParameters" time="0.379"/>
  <testcase classname="tests.LoginPageTest" name="loginWithProperParameters" time="0.314"/>
  <testcase classname="tests.LoginPageTest" name="loginWithoutAnyParameters" time="0.267"/>
  <testcase classname="tests.LoginPageTest" name="loginWithOnlyUsername" time="0.278"/>
  <testcase classname="tests.LoginPageTest" name="loginWithOnlyPassword" time="0.267"/>
  <testcase classname="tests.LoginPageTest" name="logoutTest" time="0.584"/>
  <testcase classname="tests.InventoryPageTest" name="validatingPriceLowToHigh" time="0.796"/>
  <testcase classname="tests.InventoryPageTest" name="validatingPriceHighToLow" time="0.615"/>
  <testcase classname="tests.InventoryPageTest" name="validatingInitialStateOfCart" time="10.368"/>
  <testcase classname="tests.InventoryPageTest" name="validateResetAppStateFunction" time="0.787">
    <failure type="java.lang.AssertionError" message="expected [Add to cart] but found [REMOVE]">
      <![CDATA[java.lang.AssertionError: expected [Add to cart] but found [REMOVE]
at org.testng.Assert.fail(Assert.java:99)
at org.testng.Assert.failNotEquals(Assert.java:1037)
at org.testng.Assert.assertEqualsImpl(Assert.java:140)
at org.testng.Assert.assertEquals(Assert.java:122)
at org.testng.Assert.assertEquals(Assert.java:629)
at org.testng.Assert.assertEquals(Assert.java:639)
at tests.InventoryPageTest.validateResetAppStateFunction(InventoryPageTest.java:101)
at java.base/jdk.internal.reflect.NativeMethodAccessorImpl.invoke0(Native Method)
at java.base/jdk.internal.reflect.NativeMethodAccessorImpl.invoke(NativeMethodAccessorImpl.java:62)
at java.base/jdk.internal.reflect.DelegatingMethodAccessorImpl.invoke(DelegatingMethodAccessorImpl.java:43)
at java.base/java.lang.reflect.Method.invoke(Method.java:566)
at org.testng.internal.MethodInvocationHelper.invokeMethod(MethodInvocationHelper.java:133)
at org.testng.internal.TestInvoker.invokeMethod(TestInvoker.java:598)
at org.testng.internal.TestInvoker.invokeTestMethod(TestInvoker.java:173)
at org.testng.internal.MethodRunner.runInSequence(MethodRunner.java:46)
at org.testng.internal.TestInvoker$MethodInvocationAgent.invoke(TestInvoker.java:824)
at org.testng.internal.TestInvoker.invokeTestMethods(TestInvoker.java:146)
at org.testng.internal.TestMethodWorker.invokeTestMethods(TestMethodWorker.java:146)
at org.testng.internal.TestMethodWorker.run(TestMethodWorker.java:128)
at java.base/java.util.ArrayList.forEach(ArrayList.java:1541)
at org.testng.TestRunner.privateRun(TestRunner.java:794)
at org.testng.TestRunner.run(TestRunner.java:596)
at org.testng.SuiteRunner.runTest(SuiteRunner.java:377)
at org.testng.SuiteRunner.runSequentially(SuiteRunner.java:371)
at org.testng.SuiteRunner.privateRun(SuiteRunner.java:332)
at org.testng.SuiteRunner.run(SuiteRunner.java:276)
at org.testng.SuiteRunnerWorker.runSuite(SuiteRunnerWorker.java:53)
at org.testng.SuiteRunnerWorker.run(SuiteRunnerWorker.java:96)
at org.testng.TestNG.runSuitesSequentially(TestNG.java:1212)
at org.testng.TestNG.runSuitesLocally(TestNG.java:1134)
at org.testng.TestNG.runSuites(TestNG.java:1063)
at org.testng.TestNG.run(TestNG.java:1031)
at org.apache.maven.surefire.testng.TestNGExecutor.run(TestNGExecutor.java:324)
at org.apache.maven.surefire.testng.TestNGXmlTestSuite.execute(TestNGXmlTestSuite.java:74)
at org.apache.maven.surefire.testng.TestNGProvider.invoke(TestNGProvider.java:123)
at org.apache.maven.surefire.booter.ForkedBooter.runSuitesInProcess(ForkedBooter.java:456)
at org.apache.maven.surefire.booter.ForkedBooter.execute(ForkedBooter.java:169)
at org.apache.maven.surefire.booter.ForkedBooter.run(ForkedBooter.java:595)
at org.apache.maven.surefire.booter.ForkedBooter.main(ForkedBooter.java:581)
]]>
    </failure>
  </testcase> <!-- validateResetAppStateFunction -->
  <testcase classname="tests.InventoryPageTest" name="validateProductsDetails" time="2.003"/>
  <testcase classname="tests.EndToEndFunctionalityTest" name="endToEndTest" time="2.145"/>
</testsuite> <!-- Regression By Tester -->
