<?xml version="1.0" encoding="UTF-8"?>
<testng-results ignored="0" total="12" passed="11" failed="1" skipped="0">
  <reporter-output>
  </reporter-output>
  <suite started-at="2022-12-27T18:44:46 CET" name="Regression Test" finished-at="2022-12-27T18:46:09 CET" duration-ms="83537">
    <groups>
    </groups>
    <test started-at="2022-12-27T18:44:46 CET" name="Regression By Tester" finished-at="2022-12-27T18:46:09 CET" duration-ms="83537">
      <class name="tests.EndToEndFunctionalityTest">
        <test-method is-config="true" signature="setup()[pri:0, instance:tests.EndToEndFunctionalityTest@58695725]" started-at="2022-12-27T18:46:03 CET" name="setup" finished-at="2022-12-27T18:46:06 CET" duration-ms="3974" status="PASS">
          <reporter-output>
          </reporter-output>
        </test-method> <!-- setup -->
        <test-method signature="endToEndTest()[pri:0, instance:tests.EndToEndFunctionalityTest@58695725]" started-at="2022-12-27T18:46:06 CET" name="endToEndTest" finished-at="2022-12-27T18:46:09 CET" duration-ms="2145" status="PASS">
          <reporter-output>
          </reporter-output>
        </test-method> <!-- endToEndTest -->
        <test-method is-config="true" signature="tearDown()[pri:0, instance:tests.EndToEndFunctionalityTest@58695725]" started-at="2022-12-27T18:46:09 CET" name="tearDown" finished-at="2022-12-27T18:46:09 CET" duration-ms="799" status="PASS">
          <reporter-output>
          </reporter-output>
        </test-method> <!-- tearDown -->
      </class> <!-- tests.EndToEndFunctionalityTest -->
      <class name="tests.LoginPageTest">
        <test-method is-config="true" signature="setup()[pri:0, instance:tests.LoginPageTest@3d5c822d]" started-at="2022-12-27T18:44:47 CET" name="setup" finished-at="2022-12-27T18:44:53 CET" duration-ms="5463" status="PASS">
          <reporter-output>
          </reporter-output>
        </test-method> <!-- setup -->
        <test-method signature="loginWithProperParameters(java.lang.String,java.lang.String)[pri:0, instance:tests.LoginPageTest@3d5c822d]" started-at="2022-12-27T18:44:53 CET" name="loginWithProperParameters" data-provider="provideLoginCredentials" finished-at="2022-12-27T18:44:53 CET" duration-ms="379" status="PASS">
          <params>
            <param index="0">
              <value>
                <![CDATA[standard_user]]>
              </value>
            </param>
            <param index="1">
              <value>
                <![CDATA[secret_sauce]]>
              </value>
            </param>
          </params>
          <reporter-output>
          </reporter-output>
        </test-method> <!-- loginWithProperParameters -->
        <test-method is-config="true" signature="tearDown()[pri:0, instance:tests.LoginPageTest@3d5c822d]" started-at="2022-12-27T18:44:53 CET" name="tearDown" finished-at="2022-12-27T18:44:54 CET" duration-ms="728" status="PASS">
          <reporter-output>
          </reporter-output>
        </test-method> <!-- tearDown -->
        <test-method is-config="true" signature="setup()[pri:0, instance:tests.LoginPageTest@3d5c822d]" started-at="2022-12-27T18:44:54 CET" name="setup" finished-at="2022-12-27T18:44:58 CET" duration-ms="4071" status="PASS">
          <reporter-output>
          </reporter-output>
        </test-method> <!-- setup -->
        <test-method signature="loginWithProperParameters(java.lang.String,java.lang.String)[pri:0, instance:tests.LoginPageTest@3d5c822d]" started-at="2022-12-27T18:44:58 CET" name="loginWithProperParameters" data-provider="provideLoginCredentials" finished-at="2022-12-27T18:44:58 CET" duration-ms="314" status="PASS">
          <params>
            <param index="0">
              <value>
                <![CDATA[problem_user]]>
              </value>
            </param>
            <param index="1">
              <value>
                <![CDATA[secret_sauce]]>
              </value>
            </param>
          </params>
          <reporter-output>
          </reporter-output>
        </test-method> <!-- loginWithProperParameters -->
        <test-method is-config="true" signature="tearDown()[pri:0, instance:tests.LoginPageTest@3d5c822d]" started-at="2022-12-27T18:44:58 CET" name="tearDown" finished-at="2022-12-27T18:44:59 CET" duration-ms="842" status="PASS">
          <reporter-output>
          </reporter-output>
        </test-method> <!-- tearDown -->
        <test-method is-config="true" signature="setup()[pri:0, instance:tests.LoginPageTest@3d5c822d]" started-at="2022-12-27T18:44:59 CET" name="setup" finished-at="2022-12-27T18:45:07 CET" duration-ms="7900" status="PASS">
          <reporter-output>
          </reporter-output>
        </test-method> <!-- setup -->
        <test-method signature="loginWithoutAnyParameters()[pri:1, instance:tests.LoginPageTest@3d5c822d]" started-at="2022-12-27T18:45:07 CET" name="loginWithoutAnyParameters" finished-at="2022-12-27T18:45:07 CET" duration-ms="267" status="PASS">
          <reporter-output>
          </reporter-output>
        </test-method> <!-- loginWithoutAnyParameters -->
        <test-method is-config="true" signature="tearDown()[pri:0, instance:tests.LoginPageTest@3d5c822d]" started-at="2022-12-27T18:45:07 CET" name="tearDown" finished-at="2022-12-27T18:45:08 CET" duration-ms="852" status="PASS">
          <reporter-output>
          </reporter-output>
        </test-method> <!-- tearDown -->
        <test-method is-config="true" signature="setup()[pri:0, instance:tests.LoginPageTest@3d5c822d]" started-at="2022-12-27T18:45:08 CET" name="setup" finished-at="2022-12-27T18:45:12 CET" duration-ms="4384" status="PASS">
          <reporter-output>
          </reporter-output>
        </test-method> <!-- setup -->
        <test-method signature="loginWithOnlyUsername()[pri:2, instance:tests.LoginPageTest@3d5c822d]" started-at="2022-12-27T18:45:12 CET" name="loginWithOnlyUsername" finished-at="2022-12-27T18:45:13 CET" duration-ms="278" status="PASS">
          <reporter-output>
          </reporter-output>
        </test-method> <!-- loginWithOnlyUsername -->
        <test-method is-config="true" signature="tearDown()[pri:0, instance:tests.LoginPageTest@3d5c822d]" started-at="2022-12-27T18:45:13 CET" name="tearDown" finished-at="2022-12-27T18:45:13 CET" duration-ms="724" status="PASS">
          <reporter-output>
          </reporter-output>
        </test-method> <!-- tearDown -->
        <test-method is-config="true" signature="setup()[pri:0, instance:tests.LoginPageTest@3d5c822d]" started-at="2022-12-27T18:45:13 CET" name="setup" finished-at="2022-12-27T18:45:17 CET" duration-ms="3780" status="PASS">
          <reporter-output>
          </reporter-output>
        </test-method> <!-- setup -->
        <test-method signature="loginWithOnlyPassword()[pri:3, instance:tests.LoginPageTest@3d5c822d]" started-at="2022-12-27T18:45:17 CET" name="loginWithOnlyPassword" finished-at="2022-12-27T18:45:17 CET" duration-ms="267" status="PASS">
          <reporter-output>
          </reporter-output>
        </test-method> <!-- loginWithOnlyPassword -->
        <test-method is-config="true" signature="tearDown()[pri:0, instance:tests.LoginPageTest@3d5c822d]" started-at="2022-12-27T18:45:17 CET" name="tearDown" finished-at="2022-12-27T18:45:18 CET" duration-ms="699" status="PASS">
          <reporter-output>
          </reporter-output>
        </test-method> <!-- tearDown -->
        <test-method is-config="true" signature="setup()[pri:0, instance:tests.LoginPageTest@3d5c822d]" started-at="2022-12-27T18:45:18 CET" name="setup" finished-at="2022-12-27T18:45:22 CET" duration-ms="3883" status="PASS">
          <reporter-output>
          </reporter-output>
        </test-method> <!-- setup -->
        <test-method signature="logoutTest()[pri:4, instance:tests.LoginPageTest@3d5c822d]" started-at="2022-12-27T18:45:22 CET" name="logoutTest" finished-at="2022-12-27T18:45:23 CET" duration-ms="584" status="PASS">
          <reporter-output>
          </reporter-output>
        </test-method> <!-- logoutTest -->
        <test-method is-config="true" signature="tearDown()[pri:0, instance:tests.LoginPageTest@3d5c822d]" started-at="2022-12-27T18:45:23 CET" name="tearDown" finished-at="2022-12-27T18:45:23 CET" duration-ms="751" status="PASS">
          <reporter-output>
          </reporter-output>
        </test-method> <!-- tearDown -->
      </class> <!-- tests.LoginPageTest -->
      <class name="tests.InventoryPageTest">
        <test-method is-config="true" signature="setup()[pri:0, instance:tests.InventoryPageTest@618425b5]" started-at="2022-12-27T18:45:23 CET" name="setup" finished-at="2022-12-27T18:45:27 CET" duration-ms="3771" status="PASS">
          <reporter-output>
          </reporter-output>
        </test-method> <!-- setup -->
        <test-method signature="validatingPriceLowToHigh()[pri:0, instance:tests.InventoryPageTest@618425b5]" started-at="2022-12-27T18:45:27 CET" name="validatingPriceLowToHigh" finished-at="2022-12-27T18:45:28 CET" duration-ms="796" status="PASS">
          <reporter-output>
          </reporter-output>
        </test-method> <!-- validatingPriceLowToHigh -->
        <test-method is-config="true" signature="tearDown()[pri:0, instance:tests.InventoryPageTest@618425b5]" started-at="2022-12-27T18:45:28 CET" name="tearDown" finished-at="2022-12-27T18:45:29 CET" duration-ms="815" status="PASS">
          <reporter-output>
          </reporter-output>
        </test-method> <!-- tearDown -->
        <test-method is-config="true" signature="setup()[pri:0, instance:tests.InventoryPageTest@618425b5]" started-at="2022-12-27T18:45:29 CET" name="setup" finished-at="2022-12-27T18:45:33 CET" duration-ms="4298" status="PASS">
          <reporter-output>
          </reporter-output>
        </test-method> <!-- setup -->
        <test-method signature="validatingPriceHighToLow()[pri:1, instance:tests.InventoryPageTest@618425b5]" started-at="2022-12-27T18:45:33 CET" name="validatingPriceHighToLow" finished-at="2022-12-27T18:45:34 CET" duration-ms="615" status="PASS">
          <reporter-output>
          </reporter-output>
        </test-method> <!-- validatingPriceHighToLow -->
        <test-method is-config="true" signature="tearDown()[pri:0, instance:tests.InventoryPageTest@618425b5]" started-at="2022-12-27T18:45:34 CET" name="tearDown" finished-at="2022-12-27T18:45:34 CET" duration-ms="779" status="PASS">
          <reporter-output>
          </reporter-output>
        </test-method> <!-- tearDown -->
        <test-method is-config="true" signature="setup()[pri:0, instance:tests.InventoryPageTest@618425b5]" started-at="2022-12-27T18:45:34 CET" name="setup" finished-at="2022-12-27T18:45:39 CET" duration-ms="4904" status="PASS">
          <reporter-output>
          </reporter-output>
        </test-method> <!-- setup -->
        <test-method signature="validatingInitialStateOfCart()[pri:2, instance:tests.InventoryPageTest@618425b5]" started-at="2022-12-27T18:45:39 CET" name="validatingInitialStateOfCart" finished-at="2022-12-27T18:45:50 CET" duration-ms="10368" status="PASS">
          <reporter-output>
          </reporter-output>
        </test-method> <!-- validatingInitialStateOfCart -->
        <test-method is-config="true" signature="tearDown()[pri:0, instance:tests.InventoryPageTest@618425b5]" started-at="2022-12-27T18:45:50 CET" name="tearDown" finished-at="2022-12-27T18:45:50 CET" duration-ms="758" status="PASS">
          <reporter-output>
          </reporter-output>
        </test-method> <!-- tearDown -->
        <test-method is-config="true" signature="setup()[pri:0, instance:tests.InventoryPageTest@618425b5]" started-at="2022-12-27T18:45:50 CET" name="setup" finished-at="2022-12-27T18:45:54 CET" duration-ms="4011" status="PASS">
          <reporter-output>
          </reporter-output>
        </test-method> <!-- setup -->
        <test-method signature="validateResetAppStateFunction()[pri:3, instance:tests.InventoryPageTest@618425b5]" started-at="2022-12-27T18:45:54 CET" name="validateResetAppStateFunction" finished-at="2022-12-27T18:45:55 CET" duration-ms="787" status="FAIL">
          <exception class="java.lang.AssertionError">
            <message>
              <![CDATA[expected [Add to cart] but found [REMOVE]]]>
            </message>
            <full-stacktrace>
              <![CDATA[java.lang.AssertionError: expected [Add to cart] but found [REMOVE]
at org.testng.Assert.fail(Assert.java:99)
at org.testng.Assert.failNotEquals(Assert.java:1037)
at org.testng.Assert.assertEqualsImpl(Assert.java:140)
at org.testng.Assert.assertEquals(Assert.java:122)
at org.testng.Assert.assertEquals(Assert.java:629)
at org.testng.Assert.assertEquals(Assert.java:639)
at tests.InventoryPageTest.validateResetAppStateFunction(InventoryPageTest.java:101)
at java.base/jdk.internal.reflect.NativeMethodAccessorImpl.invoke0(Native Method)
at java.base/jdk.internal.reflect.NativeMethodAccessorImpl.invoke(NativeMethodAccessorImpl.java:62)
at java.base/jdk.internal.reflect.DelegatingMethodAccessorImpl.invoke(DelegatingMethodAccessorImpl.java:43)
at java.base/java.lang.reflect.Method.invoke(Method.java:566)
at org.testng.internal.MethodInvocationHelper.invokeMethod(MethodInvocationHelper.java:133)
at org.testng.internal.TestInvoker.invokeMethod(TestInvoker.java:598)
at org.testng.internal.TestInvoker.invokeTestMethod(TestInvoker.java:173)
at org.testng.internal.MethodRunner.runInSequence(MethodRunner.java:46)
at org.testng.internal.TestInvoker$MethodInvocationAgent.invoke(TestInvoker.java:824)
at org.testng.internal.TestInvoker.invokeTestMethods(TestInvoker.java:146)
at org.testng.internal.TestMethodWorker.invokeTestMethods(TestMethodWorker.java:146)
at org.testng.internal.TestMethodWorker.run(TestMethodWorker.java:128)
at java.base/java.util.ArrayList.forEach(ArrayList.java:1541)
at org.testng.TestRunner.privateRun(TestRunner.java:794)
at org.testng.TestRunner.run(TestRunner.java:596)
at org.testng.SuiteRunner.runTest(SuiteRunner.java:377)
at org.testng.SuiteRunner.runSequentially(SuiteRunner.java:371)
at org.testng.SuiteRunner.privateRun(SuiteRunner.java:332)
at org.testng.SuiteRunner.run(SuiteRunner.java:276)
at org.testng.SuiteRunnerWorker.runSuite(SuiteRunnerWorker.java:53)
at org.testng.SuiteRunnerWorker.run(SuiteRunnerWorker.java:96)
at org.testng.TestNG.runSuitesSequentially(TestNG.java:1212)
at org.testng.TestNG.runSuitesLocally(TestNG.java:1134)
at org.testng.TestNG.runSuites(TestNG.java:1063)
at org.testng.TestNG.run(TestNG.java:1031)
at org.apache.maven.surefire.testng.TestNGExecutor.run(TestNGExecutor.java:324)
at org.apache.maven.surefire.testng.TestNGXmlTestSuite.execute(TestNGXmlTestSuite.java:74)
at org.apache.maven.surefire.testng.TestNGProvider.invoke(TestNGProvider.java:123)
at org.apache.maven.surefire.booter.ForkedBooter.runSuitesInProcess(ForkedBooter.java:456)
at org.apache.maven.surefire.booter.ForkedBooter.execute(ForkedBooter.java:169)
at org.apache.maven.surefire.booter.ForkedBooter.run(ForkedBooter.java:595)
at org.apache.maven.surefire.booter.ForkedBooter.main(ForkedBooter.java:581)
]]>
            </full-stacktrace>
          </exception> <!-- java.lang.AssertionError -->
          <reporter-output>
          </reporter-output>
        </test-method> <!-- validateResetAppStateFunction -->
        <test-method is-config="true" signature="tearDown()[pri:0, instance:tests.InventoryPageTest@618425b5]" started-at="2022-12-27T18:45:55 CET" name="tearDown" finished-at="2022-12-27T18:45:56 CET" duration-ms="733" status="PASS">
          <reporter-output>
          </reporter-output>
        </test-method> <!-- tearDown -->
        <test-method is-config="true" signature="setup()[pri:0, instance:tests.InventoryPageTest@618425b5]" started-at="2022-12-27T18:45:56 CET" name="setup" finished-at="2022-12-27T18:46:00 CET" duration-ms="3761" status="PASS">
          <reporter-output>
          </reporter-output>
        </test-method> <!-- setup -->
        <test-method signature="validateProductsDetails()[pri:4, instance:tests.InventoryPageTest@618425b5]" started-at="2022-12-27T18:46:00 CET" name="validateProductsDetails" finished-at="2022-12-27T18:46:02 CET" duration-ms="2003" status="PASS">
          <reporter-output>
          </reporter-output>
        </test-method> <!-- validateProductsDetails -->
        <test-method is-config="true" signature="tearDown()[pri:0, instance:tests.InventoryPageTest@618425b5]" started-at="2022-12-27T18:46:02 CET" name="tearDown" finished-at="2022-12-27T18:46:03 CET" duration-ms="786" status="PASS">
          <reporter-output>
          </reporter-output>
        </test-method> <!-- tearDown -->
      </class> <!-- tests.InventoryPageTest -->
    </test> <!-- Regression By Tester -->
  </suite> <!-- Regression Test -->
</testng-results>
